<?xml version="1.0" encoding="UTF-8"?>
<testsuite xmlns:xsi="http://www.w3.org/2001/XMLSchema-instance" xsi:noNamespaceSchemaLocation="https://maven.apache.org/surefire/maven-surefire-plugin/xsd/surefire-test-report.xsd" name="Lab2.AppTest" time="0.765" tests="23" errors="0" skipped="0" failures="0">
  <properties>
[...]
</properties>
  <testcase name="testAddStudentNameEmpty" classname="Lab2.AppTest" time="0.314"/>
  <testcase name="testAddStudentNameNull" classname="Lab2.AppTest" time="0.034"/>
  <testcase name="shouldAnswerWithTrue" classname="Lab2.AppTest" time="0.024"/>
  <testcase name="testAddStudentToRepository" classname="Lab2.AppTest" time="0.022"/>
  <testcase name="testAddStudentGroupValid" classname="Lab2.AppTest" time="0.02"/>
  <testcase name="testAddTemaToRepository" classname="Lab2.AppTest" time="0.012"/>
  <testcase name="testAddAssignmentValidatorStartLine" classname="Lab2.AppTest" time="0.017"/>
  <testcase name="testAddAssignmentValidatorDescriptionEmpty" classname="Lab2.AppTest" time="0.014"/>
  <testcase name="testAddAssignmentValidatorDescriptionValid" classname="Lab2.AppTest" time="0.023"/>
  <testcase name="testAddStudentGroupSmallInvalid" classname="Lab2.AppTest" time="0.035"/>
  <testcase name="testAddAssignmentValidatorDeadline1" classname="Lab2.AppTest" time="0.014"/>
  <testcase name="testAddAssignmentValidatorDeadline2" classname="Lab2.AppTest" time="0.011"/>
  <testcase name="testAddAssignmentValidatorDeadline3" classname="Lab2.AppTest" time="0.015"/>
  <testcase name="testAddAssignmentInvalid" classname="Lab2.AppTest" time="0.014"/>
  <testcase name="testAddAssignmentService" classname="Lab2.AppTest" time="0.012"/>
  <testcase name="testAddTemaDuplicateId" classname="Lab2.AppTest" time="0.008"/>
  <testcase name="testAddStudentIdEmpty" classname="Lab2.AppTest" time="0.01"/>
  <testcase name="testAddStudentGroupLargeInvalid" classname="Lab2.AppTest" time="0.011"/>
  <testcase name="testAddfileRepository2" classname="Lab2.AppTest" time="0.015"/>
  <testcase name="testAddAssignmentValidatorDescriptionNull" classname="Lab2.AppTest" time="0.015"/>
  <testcase name="testAddfileRepository2Duplicate" classname="Lab2.AppTest" time="0.012"/>
  <testcase name="testAddStudentDuplicateId" classname="Lab2.AppTest" time="0.01"/>
  <testcase name="testAddStudentIdNull" classname="Lab2.AppTest" time="0.012"/>
</testsuite>